<<<<<<< HEAD:Laboratorio#2/Problema_2/output_files/Fulladder_4.flow.rpt
Flow report for Fulladder_4
Thu Aug 24 13:06:24 2023
=======
Flow report for Problema2
Wed Aug 23 19:43:22 2023
>>>>>>> parent of 6c48689 (fix para los testbench en ModelSim):Laboratorio#2/Problema_2/output_files/Problema2.flow.rpt
Quartus Prime Version 22.1std.1 Build 917 02/14/2023 SC Lite Edition


---------------------
; Table of Contents ;
---------------------
  1. Legal Notice
  2. Flow Summary
  3. Flow Settings
  4. Flow Non-Default Global Settings
  5. Flow Elapsed Time
  6. Flow OS Summary
  7. Flow Log
  8. Flow Messages
  9. Flow Suppressed Messages



----------------
; Legal Notice ;
----------------
Copyright (C) 2023  Intel Corporation. All rights reserved.
Your use of Intel Corporation's design tools, logic functions 
and other software and tools, and any partner logic 
functions, and any output files from any of the foregoing 
(including device programming or simulation files), and any 
associated documentation or information are expressly subject 
to the terms and conditions of the Intel Program License 
Subscription Agreement, the Intel Quartus Prime License Agreement,
the Intel FPGA IP License Agreement, or other applicable license
agreement, including, without limitation, that your use is for
the sole purpose of programming logic devices manufactured by
Intel and sold by Intel or its authorized distributors.  Please
refer to the applicable agreement for further details, at
https://fpgasoftware.intel.com/eula.



<<<<<<< HEAD:Laboratorio#2/Problema_2/output_files/Fulladder_4.flow.rpt
+----------------------------------------------------------------------------------+
; Flow Summary                                                                     ;
+---------------------------------+------------------------------------------------+
; Flow Status                     ; Successful - Thu Aug 24 13:06:24 2023          ;
; Quartus Prime Version           ; 22.1std.1 Build 917 02/14/2023 SC Lite Edition ;
; Revision Name                   ; Fulladder_4                                    ;
; Top-level Entity Name           ; Fulladder_4                                    ;
; Family                          ; Cyclone V                                      ;
; Device                          ; 5CSEMA5F31C6                                   ;
; Timing Models                   ; Final                                          ;
; Logic utilization (in ALMs)     ; 7 / 32,070 ( < 1 % )                           ;
; Total registers                 ; 0                                              ;
; Total pins                      ; 23 / 457 ( 5 % )                               ;
; Total virtual pins              ; 0                                              ;
; Total block memory bits         ; 0 / 4,065,280 ( 0 % )                          ;
; Total DSP Blocks                ; 0 / 87 ( 0 % )                                 ;
; Total HSSI RX PCSs              ; 0                                              ;
; Total HSSI PMA RX Deserializers ; 0                                              ;
; Total HSSI TX PCSs              ; 0                                              ;
; Total HSSI PMA TX Serializers   ; 0                                              ;
; Total PLLs                      ; 0 / 6 ( 0 % )                                  ;
; Total DLLs                      ; 0 / 4 ( 0 % )                                  ;
+---------------------------------+------------------------------------------------+
=======
+------------------------------------------------------------------------------+
; Flow Summary                                                                 ;
+-----------------------------+------------------------------------------------+
; Flow Status                 ; Successful - Wed Aug 23 19:43:22 2023          ;
; Quartus Prime Version       ; 22.1std.1 Build 917 02/14/2023 SC Lite Edition ;
; Revision Name               ; Problema2                                      ;
; Top-level Entity Name       ; sumador1                                       ;
; Family                      ; Cyclone V                                      ;
; Device                      ; 5CSEMA5F31C6                                   ;
; Timing Models               ; Final                                          ;
; Logic utilization (in ALMs) ; N/A until Partition Merge                      ;
; Total registers             ; N/A until Partition Merge                      ;
; Total pins                  ; N/A until Partition Merge                      ;
; Total virtual pins          ; N/A until Partition Merge                      ;
; Total block memory bits     ; N/A until Partition Merge                      ;
; Total PLLs                  ; N/A until Partition Merge                      ;
; Total DLLs                  ; N/A until Partition Merge                      ;
+-----------------------------+------------------------------------------------+
>>>>>>> parent of 6c48689 (fix para los testbench en ModelSim):Laboratorio#2/Problema_2/output_files/Problema2.flow.rpt


+-----------------------------------------+
; Flow Settings                           ;
+-------------------+---------------------+
; Option            ; Setting             ;
+-------------------+---------------------+
<<<<<<< HEAD:Laboratorio#2/Problema_2/output_files/Fulladder_4.flow.rpt
; Start date & time ; 08/24/2023 12:57:45 ;
=======
; Start date & time ; 08/23/2023 19:42:18 ;
>>>>>>> parent of 6c48689 (fix para los testbench en ModelSim):Laboratorio#2/Problema_2/output_files/Problema2.flow.rpt
; Main task         ; Compilation         ;
; Revision Name     ; Fulladder_4         ;
+-------------------+---------------------+


<<<<<<< HEAD:Laboratorio#2/Problema_2/output_files/Fulladder_4.flow.rpt
+-------------------------------------------------------------------------------------------------------------------------------------------------+
; Flow Non-Default Global Settings                                                                                                                ;
+--------------------------------------+----------------------------------------+---------------+-------------+-----------------------------------+
; Assignment Name                      ; Value                                  ; Default Value ; Entity Name ; Section Id                        ;
+--------------------------------------+----------------------------------------+---------------+-------------+-----------------------------------+
; COMPILER_SIGNATURE_ID                ; 93180998635537.169290346412056         ; --            ; --          ; --                                ;
; EDA_DESIGN_INSTANCE_NAME             ; NA                                     ; --            ; --          ; Fulladder_4tb                     ;
; EDA_GENERATE_FUNCTIONAL_NETLIST      ; Off                                    ; --            ; --          ; eda_board_design_timing           ;
; EDA_GENERATE_FUNCTIONAL_NETLIST      ; Off                                    ; --            ; --          ; eda_board_design_boundary_scan    ;
; EDA_GENERATE_FUNCTIONAL_NETLIST      ; Off                                    ; --            ; --          ; eda_board_design_signal_integrity ;
; EDA_GENERATE_FUNCTIONAL_NETLIST      ; Off                                    ; --            ; --          ; eda_board_design_symbol           ;
; EDA_NATIVELINK_SIMULATION_TEST_BENCH ; Fulladder_4tb                          ; --            ; --          ; eda_simulation                    ;
; EDA_OUTPUT_DATA_FORMAT               ; Verilog Hdl                            ; --            ; --          ; eda_simulation                    ;
; EDA_SIMULATION_TOOL                  ; ModelSim (Verilog)                     ; <None>        ; --          ; --                                ;
; EDA_TEST_BENCH_ENABLE_STATUS         ; TEST_BENCH_MODE                        ; --            ; --          ; eda_simulation                    ;
; EDA_TEST_BENCH_FILE                  ; Fulladder_4tb.vhd                      ; --            ; --          ; Fulladder_4tb                     ;
; EDA_TEST_BENCH_MODULE_NAME           ; Fulladder_4tb                          ; --            ; --          ; Fulladder_4tb                     ;
; EDA_TEST_BENCH_NAME                  ; Fulladder_4tb                          ; --            ; --          ; eda_simulation                    ;
; EDA_TIME_SCALE                       ; 1 ps                                   ; --            ; --          ; eda_simulation                    ;
; MAX_CORE_JUNCTION_TEMP               ; 85                                     ; --            ; --          ; --                                ;
; MIN_CORE_JUNCTION_TEMP               ; 0                                      ; --            ; --          ; --                                ;
; PARTITION_COLOR                      ; -- (Not supported for targeted family) ; --            ; --          ; Top                               ;
; PARTITION_FITTER_PRESERVATION_LEVEL  ; -- (Not supported for targeted family) ; --            ; --          ; Top                               ;
; PARTITION_NETLIST_TYPE               ; -- (Not supported for targeted family) ; --            ; --          ; Top                               ;
; POWER_BOARD_THERMAL_MODEL            ; None (CONSERVATIVE)                    ; --            ; --          ; --                                ;
; POWER_PRESET_COOLING_SOLUTION        ; 23 MM HEAT SINK WITH 200 LFPM AIRFLOW  ; --            ; --          ; --                                ;
; PROJECT_OUTPUT_DIRECTORY             ; output_files                           ; --            ; --          ; --                                ;
+--------------------------------------+----------------------------------------+---------------+-------------+-----------------------------------+


+--------------------------------------------------------------------------------------------------------------------------+
; Flow Elapsed Time                                                                                                        ;
+----------------------+--------------+-------------------------+---------------------+------------------------------------+
; Module Name          ; Elapsed Time ; Average Processors Used ; Peak Virtual Memory ; Total CPU Time (on all processors) ;
+----------------------+--------------+-------------------------+---------------------+------------------------------------+
; Analysis & Synthesis ; 00:01:25     ; 1.0                     ; 4887 MB             ; 00:03:32                           ;
; Fitter               ; 00:05:00     ; 1.0                     ; 6807 MB             ; 00:11:06                           ;
; Assembler            ; 00:01:02     ; 1.0                     ; 4870 MB             ; 00:01:01                           ;
; Timing Analyzer      ; 00:00:42     ; 1.1                     ; 5155 MB             ; 00:00:42                           ;
; EDA Netlist Writer   ; 00:00:11     ; 1.0                     ; 4726 MB             ; 00:00:10                           ;
; Total                ; 00:08:20     ; --                      ; --                  ; 00:16:31                           ;
+----------------------+--------------+-------------------------+---------------------+------------------------------------+
=======
+------------------------------------------------------------------------------------------------------------------------------------------------+
; Flow Non-Default Global Settings                                                                                                               ;
+-------------------------------------+----------------------------------------+---------------+-------------+-----------------------------------+
; Assignment Name                     ; Value                                  ; Default Value ; Entity Name ; Section Id                        ;
+-------------------------------------+----------------------------------------+---------------+-------------+-----------------------------------+
; COMPILER_SIGNATURE_ID               ; 93180998635537.169284133612040         ; --            ; --          ; --                                ;
; EDA_GENERATE_FUNCTIONAL_NETLIST     ; Off                                    ; --            ; --          ; eda_board_design_timing           ;
; EDA_GENERATE_FUNCTIONAL_NETLIST     ; Off                                    ; --            ; --          ; eda_board_design_boundary_scan    ;
; EDA_GENERATE_FUNCTIONAL_NETLIST     ; Off                                    ; --            ; --          ; eda_board_design_signal_integrity ;
; EDA_GENERATE_FUNCTIONAL_NETLIST     ; Off                                    ; --            ; --          ; eda_board_design_symbol           ;
; PARTITION_COLOR                     ; -- (Not supported for targeted family) ; --            ; sumador1    ; Top                               ;
; PARTITION_FITTER_PRESERVATION_LEVEL ; -- (Not supported for targeted family) ; --            ; sumador1    ; Top                               ;
; PARTITION_NETLIST_TYPE              ; -- (Not supported for targeted family) ; --            ; sumador1    ; Top                               ;
; PROJECT_OUTPUT_DIRECTORY            ; output_files                           ; --            ; --          ; --                                ;
; TOP_LEVEL_ENTITY                    ; sumador1                               ; Problema2     ; --          ; --                                ;
+-------------------------------------+----------------------------------------+---------------+-------------+-----------------------------------+


+----------------------------------------------------------------------------------------------------------------------------+
; Flow Elapsed Time                                                                                                          ;
+------------------------+--------------+-------------------------+---------------------+------------------------------------+
; Module Name            ; Elapsed Time ; Average Processors Used ; Peak Virtual Memory ; Total CPU Time (on all processors) ;
+------------------------+--------------+-------------------------+---------------------+------------------------------------+
; Analysis & Elaboration ; 00:01:09     ; 1.0                     ; 4853 MB             ; 00:03:01                           ;
; Total                  ; 00:01:09     ; --                      ; --                  ; 00:03:01                           ;
+------------------------+--------------+-------------------------+---------------------+------------------------------------+
>>>>>>> parent of 6c48689 (fix para los testbench en ModelSim):Laboratorio#2/Problema_2/output_files/Problema2.flow.rpt


+------------------------------------------------------------------------------------+
; Flow OS Summary                                                                    ;
+----------------------+------------------+------------+------------+----------------+
; Module Name          ; Machine Hostname ; OS Name    ; OS Version ; Processor type ;
+----------------------+------------------+------------+------------+----------------+
; Analysis & Synthesis ; DESKTOP-4C2JERK  ; Windows 10 ; 10.0       ; x86_64         ;
; Fitter               ; DESKTOP-4C2JERK  ; Windows 10 ; 10.0       ; x86_64         ;
; Assembler            ; DESKTOP-4C2JERK  ; Windows 10 ; 10.0       ; x86_64         ;
; Timing Analyzer      ; DESKTOP-4C2JERK  ; Windows 10 ; 10.0       ; x86_64         ;
; EDA Netlist Writer   ; DESKTOP-4C2JERK  ; Windows 10 ; 10.0       ; x86_64         ;
+----------------------+------------------+------------+------------+----------------+


------------
; Flow Log ;
------------
quartus_map --read_settings_files=on --write_settings_files=off Fulladder_4 -c Fulladder_4
quartus_fit --read_settings_files=off --write_settings_files=off Fulladder_4 -c Fulladder_4
quartus_asm --read_settings_files=off --write_settings_files=off Fulladder_4 -c Fulladder_4
quartus_sta Fulladder_4 -c Fulladder_4
quartus_eda --read_settings_files=off --write_settings_files=off Fulladder_4 -c Fulladder_4



